firebase_core/intermediates/manifest_merge_blame_file/debug/manifest-merger-blame-debug-report.txt
1<?xml version="1.0" encoding="utf-8"?>
2<manifest xmlns:android="http://schemas.android.com/apk/res/android"
3    package="io.flutter.plugins.firebase.core" >
4
5    <uses-sdk
6        android:minSdkVersion="16"
6-->src\main\AndroidManifest.xml
7        android:targetSdkVersion="16" />
7-->src\main\AndroidManifest.xml
8
9    <application>
9-->src\main\AndroidManifest.xml:3:5-8:19
10        <service android:name="com.google.firebase.components.ComponentDiscoveryService" >
10-->src\main\AndroidManifest.xml:4:5-7:15
10-->src\main\AndroidManifest.xml:4:14-85
11            <meta-data
11-->src\main\AndroidManifest.xml:5:9-6:88
12                android:name="com.google.firebase.components:io.flutter.plugins.firebase.core.FlutterFirebaseAppRegistrar"
12-->src\main\AndroidManifest.xml:5:20-126
13                android:value="com.google.firebase.components.ComponentRegistrar" />
13-->src\main\AndroidManifest.xml:6:20-85
14        </service>
15    </application>
16
17</manifest>